<?xml version="1.0" encoding="UTF-8"?>
<!-- Generated by org.testng.reporters.JUnitReportReporter -->
<testsuite skipped="0" hostname="JaTiNdEr" name="Test.KatalonRecorderTest" tests="1" failures="0" timestamp="21 Jun 2019 15:21:34 GMT" time="5.717" errors="0">
  <testcase name="testGoogleSearch" time="5.717" classname="Test.KatalonRecorderTest"/>
</testsuite> <!-- Test.KatalonRecorderTest -->
