<?xml version="1.0" encoding="UTF-8"?>
<!-- Generated by org.testng.reporters.JUnitReportReporter -->
<testsuite skipped="0" hostname="JaTiNdEr" name="listeners.TestNGListeneresDemoWithXML2" tests="3" failures="0" timestamp="20 Jun 2019 03:32:00 GMT" time="0.006" errors="0">
  <testcase name="test5" time="0.002" classname="listeners.TestNGListeneresDemoWithXML2"/>
  <testcase name="test4" time="0.002" classname="listeners.TestNGListeneresDemoWithXML2"/>
  <testcase name="test6" time="0.002" classname="listeners.TestNGListeneresDemoWithXML2"/>
</testsuite> <!-- listeners.TestNGListeneresDemoWithXML2 -->
