<?xml version="1.0" encoding="UTF-8"?>
<!-- Generated by org.testng.reporters.JUnitReportReporter -->
<testsuite skipped="0" hostname="JaTiNdEr" name="Test.GroupsTestNG" tests="4" failures="0" timestamp="20 Jun 2019 22:10:40 GMT" time="0.038" errors="0">
  <testcase name="test1" time="0.020" classname="Test.GroupsTestNG"/>
  <testcase name="test4" time="0.006" classname="Test.GroupsTestNG"/>
  <testcase name="test5" time="0.008" classname="Test.GroupsTestNG"/>
  <testcase name="test3" time="0.004" classname="Test.GroupsTestNG"/>
</testsuite> <!-- Test.GroupsTestNG -->
