<?xml version="1.0" encoding="UTF-8"?>
<!-- Generated by org.testng.reporters.JUnitReportReporter -->
<testsuite skipped="0" hostname="JaTiNdEr" name="Test.ParametersTestNG" tests="1" failures="0" timestamp="27 Jun 2019 15:39:24 GMT" time="0.023" errors="0">
  <testcase name="test1" time="0.023" classname="Test.ParametersTestNG"/>
</testsuite> <!-- Test.ParametersTestNG -->
