<?xml version="1.0" encoding="UTF-8"?>
<!-- Generated by org.testng.reporters.JUnitReportReporter -->
<testsuite skipped="0" hostname="JaTiNdEr" name="Test.TestNG_Demo" tests="1" failures="0" timestamp="09 Jun 2019 03:59:21 GMT" time="14.174" errors="0">
  <testcase name="GoogleHomePageTest" time="14.174" classname="Test.TestNG_Demo"/>
</testsuite> <!-- Test.TestNG_Demo -->
