<?xml version="1.0" encoding="UTF-8"?>
<!-- Generated by org.testng.reporters.JUnitReportReporter -->
<testsuite skipped="0" hostname="JaTiNdEr" name="Test.testngDependency" tests="4" failures="0" timestamp="20 Jun 2019 22:04:10 GMT" time="0.033" errors="0">
  <testcase name="test2" time="0.002" classname="Test.testngDependency"/>
  <testcase name="test4" time="0.025" classname="Test.testngDependency"/>
  <testcase name="test1" time="0.002" classname="Test.testngDependency"/>
  <testcase name="test3" time="0.004" classname="Test.testngDependency"/>
</testsuite> <!-- Test.testngDependency -->
