<?xml version="1.0" encoding="UTF-8"?>
<!-- Generated by org.testng.reporters.JUnitReportReporter -->
<testsuite skipped="0" hostname="JaTiNdEr" name="Utils.dataProviderTest" tests="3" failures="0" timestamp="19 Jun 2019 20:52:55 GMT" time="7.482" errors="0">
  <testcase name="test1" time="4.405" classname="Utils.dataProviderTest"/>
  <testcase name="test1" time="1.693" classname="Utils.dataProviderTest"/>
  <testcase name="test1" time="1.384" classname="Utils.dataProviderTest"/>
</testsuite> <!-- Utils.dataProviderTest -->
