<?xml version="1.0" encoding="UTF-8"?>
<!-- Generated by org.testng.reporters.JUnitReportReporter -->
<testsuite skipped="0" hostname="JaTiNdEr" name="Test.TestNG_Demo2" tests="1" failures="0" timestamp="09 Jun 2019 03:59:22 GMT" time="14.095" errors="0">
  <testcase name="GoogleHomePageTest2" time="14.095" classname="Test.TestNG_Demo2"/>
</testsuite> <!-- Test.TestNG_Demo2 -->
