<?xml version="1.0" encoding="UTF-8"?>
<!-- Generated by org.testng.reporters.JUnitReportReporter -->
<testsuite skipped="0" hostname="JaTiNdEr" name="Test.PriorityDemo" tests="4" failures="0" timestamp="20 Jun 2019 14:25:03 GMT" time="0.032" errors="0">
  <testcase name="test4" time="0.019" classname="Test.PriorityDemo"/>
  <testcase name="test3" time="0.007" classname="Test.PriorityDemo"/>
  <testcase name="test1" time="0.004" classname="Test.PriorityDemo"/>
  <testcase name="test2" time="0.002" classname="Test.PriorityDemo"/>
</testsuite> <!-- Test.PriorityDemo -->
