<?xml version="1.0" encoding="UTF-8"?>
<!-- Generated by org.testng.reporters.JUnitReportReporter -->
<testsuite skipped="0" hostname="JaTiNdEr" name="testGoogle" tests="1" failures="0" timestamp="27 Jun 2019 17:45:06 GMT" time="15.187" errors="0">
  <testcase name="google" time="15.187" classname="testGoogle"/>
</testsuite> <!-- testGoogle -->
