<?xml version="1.0" encoding="UTF-8"?>
<!-- Generated by org.testng.reporters.JUnitReportReporter -->
<testsuite skipped="0" hostname="JaTiNdEr" name="Test.ExtentWithTestNG" tests="2" failures="0" timestamp="12 Jun 2019 01:30:57 GMT" time="29.531" errors="0">
  <testcase name="Test" time="14.562" classname="Test.ExtentWithTestNG"/>
  <testcase name="Test2" time="14.969" classname="Test.ExtentWithTestNG"/>
</testsuite> <!-- Test.ExtentWithTestNG -->
