<?xml version="1.0" encoding="UTF-8"?>
<!-- Generated by org.testng.reporters.JUnitReportReporter -->
<testsuite skipped="0" hostname="JaTiNdEr" name="Test.MultiBrowserTestNGXML" tests="1" failures="0" timestamp="21 Jun 2019 19:10:55 GMT" time="6.762" errors="0">
  <testcase name="runTest" time="6.762" classname="Test.MultiBrowserTestNGXML"/>
</testsuite> <!-- Test.MultiBrowserTestNGXML -->
